Connecting to database specified by database.yml
Connecting to database specified by database.yml
Connecting to database specified by database.yml
Connecting to database specified by database.yml
Connecting to database specified by database.yml
Compiled jquery.js  (1ms)  (pid 19024)
Compiled jquery_ujs.js  (0ms)  (pid 19024)
Compiled bootstrap.js  (0ms)  (pid 19024)
Compiled bootstrap.min.js  (0ms)  (pid 19024)
Compiled chat.js  (0ms)  (pid 19024)
Compiled chatconversations.js  (167ms)  (pid 19024)
Compiled chatmessages.js  (0ms)  (pid 19024)
Compiled conversations.js  (0ms)  (pid 19024)
Compiled custom.js  (0ms)  (pid 19024)
Compiled jquery-1.11.1.js  (1ms)  (pid 19024)
Compiled jquery-1.11.1.min.js  (0ms)  (pid 19024)
Compiled jquery-ui.min.js  (0ms)  (pid 19024)
Compiled jquery.dropdown.js  (0ms)  (pid 19024)
Compiled jquery.easydropdown.js  (0ms)  (pid 19024)
Compiled jquery.flexisel.js  (0ms)  (pid 19024)
Compiled jquery.flexslider.js  (0ms)  (pid 19024)
Compiled jquery.min.js  (0ms)  (pid 19024)
Compiled material.min.js  (0ms)  (pid 19024)
Compiled messages.js  (0ms)  (pid 19024)
Compiled ripples.min.js  (0ms)  (pid 19024)
Compiled users.js  (0ms)  (pid 19024)
Compiled wow.min.js  (0ms)  (pid 19024)
Compiled jquery.turbolinks.js  (0ms)  (pid 19024)
Compiled lib/abstract-chosen.js  (102ms)  (pid 19024)
Compiled lib/select-parser.js  (20ms)  (pid 19024)
Compiled chosen.jquery.js  (133ms)  (pid 19024)
Compiled chosen-jquery.js  (302ms)  (pid 19024)
Compiled private_pub.js  (0ms)  (pid 19024)
Compiled jquery.bxslider.js  (0ms)  (pid 19024)
Compiled jquery.easing.1.3.js  (0ms)  (pid 19024)
Compiled jquery.fitvids.js  (0ms)  (pid 19024)
Compiled bxslider.js  (8ms)  (pid 19024)
Compiled application.js  (581ms)  (pid 19024)
Warning. Error encountered while saving cache /home/local/TAG/himanthp/Projects/datingapp/tmp/cache/sass/1ff321ffc1f7da3f7d9528bfc6f9633b43e2e402/bxslider.css.scssc: can't dump anonymous class #<Class:0x00000003c55028>
Compiled bxslider.css  (66ms)  (pid 19024)
Compiled animate.css  (0ms)  (pid 19024)
Compiled bootstrap-material-design.css  (0ms)  (pid 19024)
Compiled bootstrap-theme.css  (0ms)  (pid 19024)
Compiled bootstrap.css  (0ms)  (pid 19024)
Compiled bootstrap.min.css  (0ms)  (pid 19024)
Compiled chat.css  (0ms)  (pid 19024)
Warning. Error encountered while saving cache /home/local/TAG/himanthp/Projects/datingapp/tmp/cache/sass/2e1d0117c152c895e853942a9ffb7bfdb1c50392/chatconversations.css.scssc: can't dump anonymous class #<Class:0x00000003c55028>
Compiled chatconversations.css  (1ms)  (pid 19024)
Warning. Error encountered while saving cache /home/local/TAG/himanthp/Projects/datingapp/tmp/cache/sass/2e1d0117c152c895e853942a9ffb7bfdb1c50392/chatmessages.css.scssc: can't dump anonymous class #<Class:0x00000003c55028>
Compiled chatmessages.css  (1ms)  (pid 19024)
Warning. Error encountered while saving cache /home/local/TAG/himanthp/Projects/datingapp/tmp/cache/sass/2e1d0117c152c895e853942a9ffb7bfdb1c50392/conversations.css.scssc: can't dump anonymous class #<Class:0x00000003c55028>
Compiled conversations.css  (1ms)  (pid 19024)
Compiled flexslider.css  (0ms)  (pid 19024)
Compiled jquery-ui.css  (0ms)  (pid 19024)
Compiled jquery-ui.structure.min.css  (0ms)  (pid 19024)
Compiled jquery-ui.theme.min.css  (0ms)  (pid 19024)
Compiled jquery.dropdown.css  (0ms)  (pid 19024)
Warning. Error encountered while saving cache /home/local/TAG/himanthp/Projects/datingapp/tmp/cache/sass/2e1d0117c152c895e853942a9ffb7bfdb1c50392/messages.css.scssc: can't dump anonymous class #<Class:0x00000003c55028>
Compiled messages.css  (1ms)  (pid 19024)
Compiled ripples.min.css  (0ms)  (pid 19024)
Compiled style.css  (0ms)  (pid 19024)
Compiled application.css  (169ms)  (pid 19024)
Connecting to database specified by database.yml
Compiled jquery.js  (26ms)  (pid 19049)
Compiled jquery_ujs.js  (0ms)  (pid 19049)
Compiled bootstrap.js  (0ms)  (pid 19049)
Compiled bootstrap.min.js  (0ms)  (pid 19049)
Compiled chat.js  (0ms)  (pid 19049)
Compiled chatconversations.js  (52ms)  (pid 19049)
Compiled chatmessages.js  (0ms)  (pid 19049)
Compiled conversations.js  (0ms)  (pid 19049)
Compiled custom.js  (0ms)  (pid 19049)
Compiled jquery-1.11.1.js  (1ms)  (pid 19049)
Compiled jquery-1.11.1.min.js  (0ms)  (pid 19049)
Compiled jquery-ui.min.js  (0ms)  (pid 19049)
Compiled jquery.dropdown.js  (0ms)  (pid 19049)
Compiled jquery.easydropdown.js  (0ms)  (pid 19049)
Compiled jquery.flexisel.js  (0ms)  (pid 19049)
Compiled jquery.flexslider.js  (0ms)  (pid 19049)
Compiled jquery.min.js  (0ms)  (pid 19049)
Compiled material.min.js  (0ms)  (pid 19049)
Compiled messages.js  (0ms)  (pid 19049)
Compiled ripples.min.js  (0ms)  (pid 19049)
Compiled users.js  (0ms)  (pid 19049)
Compiled wow.min.js  (0ms)  (pid 19049)
Compiled jquery.turbolinks.js  (0ms)  (pid 19049)
Compiled lib/abstract-chosen.js  (95ms)  (pid 19049)
Compiled lib/select-parser.js  (17ms)  (pid 19049)
Compiled chosen.jquery.js  (115ms)  (pid 19049)
Compiled chosen-jquery.js  (236ms)  (pid 19049)
Compiled private_pub.js  (0ms)  (pid 19049)
Compiled jquery.bxslider.js  (0ms)  (pid 19049)
Compiled jquery.easing.1.3.js  (0ms)  (pid 19049)
Compiled jquery.fitvids.js  (0ms)  (pid 19049)
Compiled bxslider.js  (8ms)  (pid 19049)
Compiled application.js  (425ms)  (pid 19049)
Warning. Error encountered while saving cache /home/local/TAG/himanthp/Projects/datingapp/tmp/cache/sass/1ff321ffc1f7da3f7d9528bfc6f9633b43e2e402/bxslider.css.scssc: can't dump anonymous class #<Class:0x00000003e27a40>
Compiled bxslider.css  (116ms)  (pid 19049)
Compiled animate.css  (0ms)  (pid 19049)
Compiled bootstrap-material-design.css  (0ms)  (pid 19049)
Compiled bootstrap-theme.css  (0ms)  (pid 19049)
Compiled bootstrap.css  (0ms)  (pid 19049)
Compiled bootstrap.min.css  (0ms)  (pid 19049)
Compiled chat.css  (0ms)  (pid 19049)
Warning. Error encountered while saving cache /home/local/TAG/himanthp/Projects/datingapp/tmp/cache/sass/2e1d0117c152c895e853942a9ffb7bfdb1c50392/chatconversations.css.scssc: can't dump anonymous class #<Class:0x00000003e27a40>
Compiled chatconversations.css  (1ms)  (pid 19049)
Warning. Error encountered while saving cache /home/local/TAG/himanthp/Projects/datingapp/tmp/cache/sass/2e1d0117c152c895e853942a9ffb7bfdb1c50392/chatmessages.css.scssc: can't dump anonymous class #<Class:0x00000003e27a40>
Compiled chatmessages.css  (0ms)  (pid 19049)
Warning. Error encountered while saving cache /home/local/TAG/himanthp/Projects/datingapp/tmp/cache/sass/2e1d0117c152c895e853942a9ffb7bfdb1c50392/conversations.css.scssc: can't dump anonymous class #<Class:0x00000003e27a40>
Compiled conversations.css  (0ms)  (pid 19049)
Compiled flexslider.css  (0ms)  (pid 19049)
Compiled jquery-ui.css  (0ms)  (pid 19049)
Compiled jquery-ui.structure.min.css  (0ms)  (pid 19049)
Compiled jquery-ui.theme.min.css  (0ms)  (pid 19049)
Compiled jquery.dropdown.css  (0ms)  (pid 19049)
Warning. Error encountered while saving cache /home/local/TAG/himanthp/Projects/datingapp/tmp/cache/sass/2e1d0117c152c895e853942a9ffb7bfdb1c50392/messages.css.scssc: can't dump anonymous class #<Class:0x00000003e27a40>
Compiled messages.css  (1ms)  (pid 19049)
Compiled ripples.min.css  (0ms)  (pid 19049)
Compiled style.css  (0ms)  (pid 19049)
Compiled application.css  (176ms)  (pid 19049)
Connecting to database specified by database.yml
Compiled jquery.js  (26ms)  (pid 19074)
Compiled jquery_ujs.js  (0ms)  (pid 19074)
Compiled bootstrap.js  (0ms)  (pid 19074)
Compiled bootstrap.min.js  (0ms)  (pid 19074)
Compiled chat.js  (0ms)  (pid 19074)
Compiled chatconversations.js  (335ms)  (pid 19074)
Compiled chatmessages.js  (0ms)  (pid 19074)
Compiled conversations.js  (0ms)  (pid 19074)
Compiled custom.js  (0ms)  (pid 19074)
Compiled jquery-1.11.1.js  (1ms)  (pid 19074)
Compiled jquery-1.11.1.min.js  (0ms)  (pid 19074)
Compiled jquery-ui.min.js  (0ms)  (pid 19074)
Compiled jquery.dropdown.js  (0ms)  (pid 19074)
Compiled jquery.easydropdown.js  (0ms)  (pid 19074)
Compiled jquery.flexisel.js  (0ms)  (pid 19074)
Compiled jquery.flexslider.js  (0ms)  (pid 19074)
Compiled jquery.min.js  (0ms)  (pid 19074)
Compiled material.min.js  (0ms)  (pid 19074)
Compiled messages.js  (0ms)  (pid 19074)
Compiled ripples.min.js  (0ms)  (pid 19074)
Compiled users.js  (0ms)  (pid 19074)
Compiled wow.min.js  (0ms)  (pid 19074)
Compiled jquery.turbolinks.js  (0ms)  (pid 19074)
Compiled lib/abstract-chosen.js  (100ms)  (pid 19074)
Compiled lib/select-parser.js  (17ms)  (pid 19074)
Compiled chosen.jquery.js  (118ms)  (pid 19074)
Compiled chosen-jquery.js  (245ms)  (pid 19074)
Compiled private_pub.js  (0ms)  (pid 19074)
Compiled jquery.bxslider.js  (0ms)  (pid 19074)
Compiled jquery.easing.1.3.js  (0ms)  (pid 19074)
Compiled jquery.fitvids.js  (0ms)  (pid 19074)
Compiled bxslider.js  (8ms)  (pid 19074)
Compiled application.js  (737ms)  (pid 19074)
Warning. Error encountered while saving cache /home/local/TAG/himanthp/Projects/datingapp/tmp/cache/sass/1ff321ffc1f7da3f7d9528bfc6f9633b43e2e402/bxslider.css.scssc: can't dump anonymous class #<Class:0x00000003b0ae98>
Compiled bxslider.css  (25ms)  (pid 19074)
Compiled animate.css  (0ms)  (pid 19074)
Compiled bootstrap-material-design.css  (0ms)  (pid 19074)
Compiled bootstrap-theme.css  (0ms)  (pid 19074)
Compiled bootstrap.css  (0ms)  (pid 19074)
Compiled bootstrap.min.css  (0ms)  (pid 19074)
Compiled chat.css  (0ms)  (pid 19074)
Warning. Error encountered while saving cache /home/local/TAG/himanthp/Projects/datingapp/tmp/cache/sass/2e1d0117c152c895e853942a9ffb7bfdb1c50392/chatconversations.css.scssc: can't dump anonymous class #<Class:0x00000003b0ae98>
Compiled chatconversations.css  (2ms)  (pid 19074)
Warning. Error encountered while saving cache /home/local/TAG/himanthp/Projects/datingapp/tmp/cache/sass/2e1d0117c152c895e853942a9ffb7bfdb1c50392/chatmessages.css.scssc: can't dump anonymous class #<Class:0x00000003b0ae98>
Compiled chatmessages.css  (1ms)  (pid 19074)
Warning. Error encountered while saving cache /home/local/TAG/himanthp/Projects/datingapp/tmp/cache/sass/2e1d0117c152c895e853942a9ffb7bfdb1c50392/conversations.css.scssc: can't dump anonymous class #<Class:0x00000003b0ae98>
Compiled conversations.css  (1ms)  (pid 19074)
Compiled flexslider.css  (0ms)  (pid 19074)
Compiled jquery-ui.css  (0ms)  (pid 19074)
Compiled jquery-ui.structure.min.css  (0ms)  (pid 19074)
Compiled jquery-ui.theme.min.css  (0ms)  (pid 19074)
Compiled jquery.dropdown.css  (0ms)  (pid 19074)
Warning. Error encountered while saving cache /home/local/TAG/himanthp/Projects/datingapp/tmp/cache/sass/2e1d0117c152c895e853942a9ffb7bfdb1c50392/messages.css.scssc: can't dump anonymous class #<Class:0x00000003b0ae98>
Compiled messages.css  (1ms)  (pid 19074)
Compiled ripples.min.css  (0ms)  (pid 19074)
Compiled style.css  (0ms)  (pid 19074)
Compiled application.css  (94ms)  (pid 19074)
Connecting to database specified by database.yml
Connecting to database specified by database.yml
Connecting to database specified by database.yml
Connecting to database specified by database.yml
Connecting to database specified by database.yml
Connecting to database specified by database.yml
Compiled jquery.js  (1ms)  (pid 17257)
Compiled jquery_ujs.js  (0ms)  (pid 17257)
Compiled bootstrap.js  (0ms)  (pid 17257)
Compiled bootstrap.min.js  (0ms)  (pid 17257)
Compiled chat.js  (0ms)  (pid 17257)
Compiled chatconversations.js  (170ms)  (pid 17257)
Compiled chatmessages.js  (1ms)  (pid 17257)
Compiled conversations.js  (0ms)  (pid 17257)
Compiled custom.js  (0ms)  (pid 17257)
Compiled jquery-1.11.1.js  (1ms)  (pid 17257)
Compiled jquery-1.11.1.min.js  (0ms)  (pid 17257)
Compiled jquery-ui.min.js  (0ms)  (pid 17257)
Compiled jquery.dropdown.js  (0ms)  (pid 17257)
Compiled jquery.min.js  (0ms)  (pid 17257)
Compiled jquery.nicescroll.min.js  (0ms)  (pid 17257)
Compiled jquery.validate.js  (0ms)  (pid 17257)
Compiled material.min.js  (0ms)  (pid 17257)
Compiled messages.js  (0ms)  (pid 17257)
Compiled moment.min.js  (0ms)  (pid 17257)
Compiled owl.carousel.min.js  (0ms)  (pid 17257)
Compiled ripples.min.js  (0ms)  (pid 17257)
Compiled users.js  (0ms)  (pid 17257)
Compiled wow.min.js  (0ms)  (pid 17257)
Compiled jquery.turbolinks.js  (0ms)  (pid 17257)
Compiled lib/abstract-chosen.js  (101ms)  (pid 17257)
Compiled lib/select-parser.js  (19ms)  (pid 17257)
Compiled chosen.jquery.js  (115ms)  (pid 17257)
Compiled chosen-jquery.js  (244ms)  (pid 17257)
Compiled private_pub.js  (0ms)  (pid 17257)
Compiled jquery.bxslider.js  (0ms)  (pid 17257)
Compiled jquery.easing.1.3.js  (0ms)  (pid 17257)
Compiled jquery.fitvids.js  (0ms)  (pid 17257)
Compiled bxslider.js  (38ms)  (pid 17257)
Compiled application.js  (565ms)  (pid 17257)
Warning. Error encountered while saving cache /home/local/TAG/himanthp/Projects/datingapp/tmp/cache/sass/1ff321ffc1f7da3f7d9528bfc6f9633b43e2e402/bxslider.css.scssc: can't dump anonymous class #<Class:0x00000004650cd0>
Compiled bxslider.css  (148ms)  (pid 17257)
Compiled animate.css  (0ms)  (pid 17257)
Compiled bootstrap-material-design.css  (0ms)  (pid 17257)
Compiled bootstrap-theme.css  (0ms)  (pid 17257)
Compiled bootstrap.css  (0ms)  (pid 17257)
Compiled bootstrap.min.css  (0ms)  (pid 17257)
Compiled chat.css  (0ms)  (pid 17257)
Warning. Error encountered while saving cache /home/local/TAG/himanthp/Projects/datingapp/tmp/cache/sass/2e1d0117c152c895e853942a9ffb7bfdb1c50392/chatconversations.css.scssc: can't dump anonymous class #<Class:0x00000004650cd0>
Compiled chatconversations.css  (1ms)  (pid 17257)
Warning. Error encountered while saving cache /home/local/TAG/himanthp/Projects/datingapp/tmp/cache/sass/2e1d0117c152c895e853942a9ffb7bfdb1c50392/chatmessages.css.scssc: can't dump anonymous class #<Class:0x00000004650cd0>
Compiled chatmessages.css  (1ms)  (pid 17257)
Warning. Error encountered while saving cache /home/local/TAG/himanthp/Projects/datingapp/tmp/cache/sass/2e1d0117c152c895e853942a9ffb7bfdb1c50392/conversations.css.scssc: can't dump anonymous class #<Class:0x00000004650cd0>
Compiled conversations.css  (1ms)  (pid 17257)
Compiled flexslider.css  (0ms)  (pid 17257)
Compiled jquery-ui.css  (0ms)  (pid 17257)
Compiled jquery-ui.structure.min.css  (0ms)  (pid 17257)
Compiled jquery-ui.theme.min.css  (0ms)  (pid 17257)
Compiled jquery.dropdown.css  (0ms)  (pid 17257)
Warning. Error encountered while saving cache /home/local/TAG/himanthp/Projects/datingapp/tmp/cache/sass/2e1d0117c152c895e853942a9ffb7bfdb1c50392/messages.css.scssc: can't dump anonymous class #<Class:0x00000004650cd0>
Compiled messages.css  (1ms)  (pid 17257)
Compiled owl.carousel.css  (0ms)  (pid 17257)
Compiled ripples.min.css  (0ms)  (pid 17257)
Compiled style.css  (0ms)  (pid 17257)
Compiled application.css  (379ms)  (pid 17257)
